{"/Users/alanjimenezquiroz/repos/JS-II-G1-23/sesion-8/prueba.js": {"path":"/Users/alanjimenezquiroz/repos/JS-II-G1-23/sesion-8/prueba.js","statementMap":{"0":{"start":{"line":1,"column":13},"end":{"line":3,"column":1}},"1":{"start":{"line":2,"column":4},"end":{"line":2,"column":16}},"2":{"start":{"line":4,"column":0},"end":{"line":4,"column":21}}},"fnMap":{"0":{"name":"(anonymous_0)","decl":{"start":{"line":1,"column":13},"end":{"line":1,"column":14}},"loc":{"start":{"line":1,"column":23},"end":{"line":3,"column":1}},"line":1}},"branchMap":{},"s":{"0":1,"1":1,"2":1},"f":{"0":1},"b":{},"_coverageSchema":"1a1c01bbd47fc00a2c39e90264f33305004495a9","hash":"fa225054a30ab610bcf2961cd44e7b08a020a642"}
}
