{"/Users/alanjimenezquiroz/repos/JS-II-G1-23/sesion-8/actividad2/index.js": {"path":"/Users/alanjimenezquiroz/repos/JS-II-G1-23/sesion-8/actividad2/index.js","statementMap":{"0":{"start":{"line":1,"column":14},"end":{"line":1,"column":29}},"1":{"start":{"line":1,"column":24},"end":{"line":1,"column":29}},"2":{"start":{"line":2,"column":15},"end":{"line":2,"column":30}},"3":{"start":{"line":2,"column":25},"end":{"line":2,"column":30}},"4":{"start":{"line":3,"column":20},"end":{"line":3,"column":35}},"5":{"start":{"line":3,"column":30},"end":{"line":3,"column":35}},"6":{"start":{"line":4,"column":16},"end":{"line":4,"column":31}},"7":{"start":{"line":4,"column":26},"end":{"line":4,"column":31}},"8":{"start":{"line":6,"column":0},"end":{"line":11,"column":1}}},"fnMap":{"0":{"name":"(anonymous_0)","decl":{"start":{"line":1,"column":14},"end":{"line":1,"column":15}},"loc":{"start":{"line":1,"column":24},"end":{"line":1,"column":29}},"line":1},"1":{"name":"(anonymous_1)","decl":{"start":{"line":2,"column":15},"end":{"line":2,"column":16}},"loc":{"start":{"line":2,"column":25},"end":{"line":2,"column":30}},"line":2},"2":{"name":"(anonymous_2)","decl":{"start":{"line":3,"column":20},"end":{"line":3,"column":21}},"loc":{"start":{"line":3,"column":30},"end":{"line":3,"column":35}},"line":3},"3":{"name":"(anonymous_3)","decl":{"start":{"line":4,"column":16},"end":{"line":4,"column":17}},"loc":{"start":{"line":4,"column":26},"end":{"line":4,"column":31}},"line":4}},"branchMap":{},"s":{"0":1,"1":1,"2":1,"3":1,"4":1,"5":1,"6":1,"7":1,"8":1},"f":{"0":1,"1":1,"2":1,"3":1},"b":{},"_coverageSchema":"1a1c01bbd47fc00a2c39e90264f33305004495a9","hash":"3f730b79c4f8a3c5c55d81b91a88e67540afdb02"}
}
